<?xml version="1.0" encoding="UTF-8"?>
<!-- Generated by org.testng.reporters.JUnitXMLReporter -->
<testsuite ignored="1" hostname="DESKTOP-NAIJ774" failures="0" tests="1" name="Default test" time="5.226" errors="0" timestamp="2025-09-20T22:44:59 IST">
  <testcase classname="testcases.ProductTest" name="getSingleProduct" time="4.212"/>
  <testcase classname="testcases.ProductTest" name="testGetAllProducts" time="0.0">
    <ignored/>
  </testcase> <!-- testGetAllProducts -->
</testsuite> <!-- Default test -->
