<?xml version="1.0" encoding="UTF-8"?>
<!-- Generated by org.testng.reporters.JUnitXMLReporter -->
<testsuite ignored="6" hostname="DESKTOP-NAIJ774" failures="0" tests="1" name="Default test" time="5.904" errors="0" timestamp="2025-09-29T18:12:46 IST">
  <testcase classname="testcases.UsersTest" name="deleteUser" time="4.972"/>
  <testcase classname="testcases.UsersTest" name="testGetUsersInAscendingOrder" time="0.0">
    <ignored/>
  </testcase> <!-- testGetUsersInAscendingOrder -->
  <testcase classname="testcases.UsersTest" name="testCreateUser" time="0.0">
    <ignored/>
  </testcase> <!-- testCreateUser -->
  <testcase classname="testcases.UsersTest" name="testUpdateUser" time="0.0">
    <ignored/>
  </testcase> <!-- testUpdateUser -->
  <testcase classname="testcases.UsersTest" name="testGetUserByID" time="0.0">
    <ignored/>
  </testcase> <!-- testGetUserByID -->
  <testcase classname="testcases.UsersTest" name="testGetUsersInDescendingOrder" time="0.0">
    <ignored/>
  </testcase> <!-- testGetUsersInDescendingOrder -->
  <testcase classname="testcases.UsersTest" name="testGetAllUsers" time="0.0">
    <ignored/>
  </testcase> <!-- testGetAllUsers -->
</testsuite> <!-- Default test -->
