<?xml version="1.0" encoding="UTF-8"?>
<!-- Generated by org.testng.reporters.JUnitXMLReporter -->
<testsuite ignored="0" hostname="DESKTOP-NAIJ774" failures="0" tests="19" name="Test" time="28.168" errors="0" timestamp="2025-09-28T14:16:55 IST">
  <testcase classname="testcases.ProductDataDrivenTest" name="testAddNewProduct" time="6.536"/>
  <testcase classname="testcases.ProductDataDrivenTest" name="testAddNewProduct" time="1.502"/>
  <testcase classname="testcases.ProductDataDrivenTest" name="testAddNewProduct" time="1.4"/>
  <testcase classname="testcases.ProductDataDrivenTest" name="testAddNewProduct" time="1.296"/>
  <testcase classname="testcases.ProductDataDrivenTest" name="testAddNewProduct" time="1.551"/>
  <testcase classname="testcases.ProductDataDrivenTest" name="testAddNewProduct" time="1.252"/>
  <testcase classname="testcases.ProductDataDrivenTest" name="testAddNewProduct" time="1.401"/>
  <testcase classname="testcases.ProductDataDrivenTest" name="testAddNewProduct" time="1.389"/>
  <testcase classname="testcases.ProductDataDrivenTest" name="testAddNewProduct" time="1.233"/>
  <testcase classname="testcases.ProductDataDrivenTest" name="testAddNewProduct" time="1.542"/>
  <testcase classname="testcases.ProductTest" name="testCreateProduct" time="1.086"/>
  <testcase classname="testcases.ProductTest" name="testDeleteProduct" time="0.609"/>
  <testcase classname="testcases.ProductTest" name="testGetAllProducts" time="0.74"/>
  <testcase classname="testcases.ProductTest" name="testGetAllProductscategories" time="0.677"/>
  <testcase classname="testcases.ProductTest" name="testGetLimitedProducts" time="0.722"/>
  <testcase classname="testcases.ProductTest" name="testGetSingleProduct" time="0.695"/>
  <testcase classname="testcases.ProductTest" name="testGetSortedProductsAscending" time="0.746"/>
  <testcase classname="testcases.ProductTest" name="testGetSortedProductsDescending" time="0.63"/>
  <testcase classname="testcases.ProductTest" name="testUpdateProduct" time="0.607"/>
</testsuite> <!-- Test -->
