<?xml version="1.0" encoding="UTF-8"?>
<!-- Generated by org.testng.reporters.JUnitXMLReporter -->
<testsuite ignored="0" hostname="DESKTOP-NAIJ774" failures="0" tests="19" name="Test" time="30.449" errors="0" timestamp="2025-09-27T23:18:52 IST">
  <testcase classname="testcases.ProductDataDrivenTest" name="testAddNewProduct" time="6.935"/>
  <testcase classname="testcases.ProductDataDrivenTest" name="testAddNewProduct" time="1.628"/>
  <testcase classname="testcases.ProductDataDrivenTest" name="testAddNewProduct" time="1.517"/>
  <testcase classname="testcases.ProductDataDrivenTest" name="testAddNewProduct" time="1.662"/>
  <testcase classname="testcases.ProductDataDrivenTest" name="testAddNewProduct" time="1.48"/>
  <testcase classname="testcases.ProductDataDrivenTest" name="testAddNewProduct" time="1.508"/>
  <testcase classname="testcases.ProductDataDrivenTest" name="testAddNewProduct" time="1.406"/>
  <testcase classname="testcases.ProductDataDrivenTest" name="testAddNewProduct" time="1.594"/>
  <testcase classname="testcases.ProductDataDrivenTest" name="testAddNewProduct" time="1.643"/>
  <testcase classname="testcases.ProductDataDrivenTest" name="testAddNewProduct" time="1.302"/>
  <testcase classname="testcases.ProductTest" name="testCreateProduct" time="1.154"/>
  <testcase classname="testcases.ProductTest" name="testDeleteProduct" time="0.638"/>
  <testcase classname="testcases.ProductTest" name="testGetAllProducts" time="0.933"/>
  <testcase classname="testcases.ProductTest" name="testGetAllProductscategories" time="0.919"/>
  <testcase classname="testcases.ProductTest" name="testGetLimitedProducts" time="0.652"/>
  <testcase classname="testcases.ProductTest" name="testGetSingleProduct" time="0.616"/>
  <testcase classname="testcases.ProductTest" name="testGetSortedProductsAscending" time="0.624"/>
  <testcase classname="testcases.ProductTest" name="testGetSortedProductsDescending" time="0.702"/>
  <testcase classname="testcases.ProductTest" name="testUpdateProduct" time="0.901"/>
</testsuite> <!-- Test -->
