<?xml version="1.0" encoding="UTF-8"?>
<!-- Generated by org.testng.reporters.JUnitXMLReporter -->
<testsuite ignored="0" hostname="DESKTOP-NAIJ774" failures="0" tests="7" name="Users_Test" time="11.333" errors="0" timestamp="2025-09-29T22:19:34 IST">
  <testcase classname="testcases.UsersTest" name="deleteUser" time="4.023"/>
  <testcase classname="testcases.UsersTest" name="testCreateUser" time="1.386"/>
  <testcase classname="testcases.UsersTest" name="testGetAllUsers" time="1.349"/>
  <testcase classname="testcases.UsersTest" name="testGetUserByID" time="0.749"/>
  <testcase classname="testcases.UsersTest" name="testGetUsersInAscendingOrder" time="0.685"/>
  <testcase classname="testcases.UsersTest" name="testGetUsersInDescendingOrder" time="0.716"/>
  <testcase classname="testcases.UsersTest" name="testUpdateUser" time="0.557"/>
</testsuite> <!-- Users_Test -->
