<?xml version="1.0" encoding="UTF-8"?>
<!-- Generated by org.testng.reporters.JUnitXMLReporter -->
<testsuite ignored="0" hostname="DESKTOP-NAIJ774" failures="0" tests="19" name="Test" time="56.95" errors="0" timestamp="2025-09-27T23:16:41 IST">
  <testcase classname="testcases.ProductDataDrivenTest" name="testAddNewProduct" time="17.662"/>
  <testcase classname="testcases.ProductDataDrivenTest" name="testAddNewProduct" time="1.646"/>
  <testcase classname="testcases.ProductDataDrivenTest" name="testAddNewProduct" time="1.74"/>
  <testcase classname="testcases.ProductDataDrivenTest" name="testAddNewProduct" time="1.636"/>
  <testcase classname="testcases.ProductDataDrivenTest" name="testAddNewProduct" time="1.336"/>
  <testcase classname="testcases.ProductDataDrivenTest" name="testAddNewProduct" time="1.699"/>
  <testcase classname="testcases.ProductDataDrivenTest" name="testAddNewProduct" time="1.962"/>
  <testcase classname="testcases.ProductDataDrivenTest" name="testAddNewProduct" time="1.357"/>
  <testcase classname="testcases.ProductDataDrivenTest" name="testAddNewProduct" time="1.27"/>
  <testcase classname="testcases.ProductDataDrivenTest" name="testAddNewProduct" time="1.763"/>
  <testcase classname="testcases.ProductTest" name="testCreateProduct" time="1.096"/>
  <testcase classname="testcases.ProductTest" name="testDeleteProduct" time="0.761"/>
  <testcase classname="testcases.ProductTest" name="testGetAllProducts" time="0.844"/>
  <testcase classname="testcases.ProductTest" name="testGetAllProductscategories" time="0.724"/>
  <testcase classname="testcases.ProductTest" name="testGetLimitedProducts" time="0.684"/>
  <testcase classname="testcases.ProductTest" name="testGetSingleProduct" time="0.696"/>
  <testcase classname="testcases.ProductTest" name="testGetSortedProductsAscending" time="0.783"/>
  <testcase classname="testcases.ProductTest" name="testGetSortedProductsDescending" time="0.665"/>
  <testcase classname="testcases.ProductTest" name="testUpdateProduct" time="0.685"/>
</testsuite> <!-- Test -->
