<?xml version="1.0" encoding="UTF-8"?>
<testng-results ignored="0" total="1" passed="1" failed="0" skipped="0">
  <reporter-output>
  </reporter-output>
  <suite started-at="2025-09-28T18:18:50 IST" name="Default suite" finished-at="2025-09-28T18:18:58 IST" duration-ms="7809">
    <groups>
    </groups>
    <test started-at="2025-09-28T18:18:50 IST" name="Default test" finished-at="2025-09-28T18:18:58 IST" duration-ms="7809">
      <class name="testcases.UsersTest">
        <test-method is-config="true" signature="setUp()[pri:0, instance:testcases.UsersTest@4c5ae43b]" started-at="2025-09-28T18:18:50 IST" name="setUp" finished-at="2025-09-28T18:18:51 IST" duration-ms="803" status="PASS">
          <reporter-output>
          </reporter-output>
        </test-method> <!-- setUp -->
        <test-method signature="testGetAllUsers()[pri:0, instance:testcases.UsersTest@4c5ae43b]" started-at="2025-09-28T18:18:51 IST" name="testGetAllUsers" finished-at="2025-09-28T18:18:57 IST" duration-ms="6792" status="PASS">
          <reporter-output>
          </reporter-output>
        </test-method> <!-- testGetAllUsers -->
      </class> <!-- testcases.UsersTest -->
    </test> <!-- Default test -->
  </suite> <!-- Default suite -->
</testng-results>
