<?xml version="1.0" encoding="UTF-8"?>
<testng-results ignored="8" total="9" passed="1" failed="0" skipped="0">
  <reporter-output>
  </reporter-output>
  <suite started-at="2025-09-25T22:41:28 IST" name="Default suite" finished-at="2025-09-25T22:41:35 IST" duration-ms="6831">
    <groups>
    </groups>
    <test started-at="2025-09-25T22:41:28 IST" name="Default test" finished-at="2025-09-25T22:41:35 IST" duration-ms="6831">
      <class name="testcases.ProductTest">
        <test-method is-config="true" signature="setUp()[pri:0, instance:testcases.ProductTest@415b0b49]" started-at="2025-09-25T22:41:28 IST" name="setUp" finished-at="2025-09-25T22:41:29 IST" duration-ms="796" status="PASS">
          <reporter-output>
          </reporter-output>
        </test-method> <!-- setUp -->
        <test-method signature="testUpdateProduct()[pri:0, instance:testcases.ProductTest@415b0b49]" started-at="2025-09-25T22:41:29 IST" name="testUpdateProduct" finished-at="2025-09-25T22:41:34 IST" duration-ms="5781" status="PASS">
          <reporter-output>
          </reporter-output>
        </test-method> <!-- testUpdateProduct -->
      </class> <!-- testcases.ProductTest -->
    </test> <!-- Default test -->
  </suite> <!-- Default suite -->
</testng-results>
