<?xml version="1.0" encoding="UTF-8"?>
<!-- Generated by org.testng.reporters.JUnitReportReporter -->
<testsuite hostname="DESKTOP-NAIJ774" failures="0" tests="9" name="testcases.ProductTest" time="5.384" errors="0" timestamp="2025-09-29T22:19:46 IST" skipped="0">
  <testcase classname="testcases.ProductTest" name="testDeleteProduct" time="0.618"/>
  <testcase classname="testcases.ProductTest" name="testGetLimitedProducts" time="0.597"/>
  <testcase classname="testcases.ProductTest" name="testCreateProduct" time="0.628"/>
  <testcase classname="testcases.ProductTest" name="testGetSortedProductsAscending" time="0.556"/>
  <testcase classname="testcases.ProductTest" name="testGetAllProductscategories" time="0.537"/>
  <testcase classname="testcases.ProductTest" name="testGetSortedProductsDescending" time="0.672"/>
  <testcase classname="testcases.ProductTest" name="testGetAllProducts" time="0.601"/>
  <testcase classname="testcases.ProductTest" name="testUpdateProduct" time="0.561"/>
  <testcase classname="testcases.ProductTest" name="testGetSingleProduct" time="0.614"/>
</testsuite> <!-- testcases.ProductTest -->
