<?xml version="1.0" encoding="UTF-8"?>
<!-- Generated by org.testng.reporters.JUnitReportReporter -->
<testsuite hostname="DESKTOP-NAIJ774" failures="0" tests="9" name="testcases.ProductTest" time="7.139" errors="0" timestamp="2025-09-27T23:18:52 IST" skipped="0">
  <testcase classname="testcases.ProductTest" name="testUpdateProduct" time="0.901"/>
  <testcase classname="testcases.ProductTest" name="testDeleteProduct" time="0.638"/>
  <testcase classname="testcases.ProductTest" name="testGetSortedProductsDescending" time="0.702"/>
  <testcase classname="testcases.ProductTest" name="testGetAllProducts" time="0.933"/>
  <testcase classname="testcases.ProductTest" name="testGetSortedProductsAscending" time="0.624"/>
  <testcase classname="testcases.ProductTest" name="testCreateProduct" time="1.154"/>
  <testcase classname="testcases.ProductTest" name="testGetAllProductscategories" time="0.919"/>
  <testcase classname="testcases.ProductTest" name="testGetSingleProduct" time="0.616"/>
  <testcase classname="testcases.ProductTest" name="testGetLimitedProducts" time="0.652"/>
</testsuite> <!-- testcases.ProductTest -->
