<?xml version="1.0" encoding="UTF-8"?>
<!-- Generated by org.testng.reporters.JUnitReportReporter -->
<testsuite hostname="DESKTOP-NAIJ774" failures="0" tests="10" name="testcases.ProductDataDrivenTest" time="20.675" errors="0" timestamp="2025-09-27T23:18:52 IST" skipped="0">
  <testcase classname="testcases.ProductDataDrivenTest" name="testAddNewProduct" time="1.406"/>
  <testcase classname="testcases.ProductDataDrivenTest" name="testAddNewProduct" time="1.508"/>
  <testcase classname="testcases.ProductDataDrivenTest" name="testAddNewProduct" time="1.594"/>
  <testcase classname="testcases.ProductDataDrivenTest" name="testAddNewProduct" time="1.302"/>
  <testcase classname="testcases.ProductDataDrivenTest" name="testAddNewProduct" time="1.643"/>
  <testcase classname="testcases.ProductDataDrivenTest" name="testAddNewProduct" time="1.628"/>
  <testcase classname="testcases.ProductDataDrivenTest" name="testAddNewProduct" time="6.935"/>
  <testcase classname="testcases.ProductDataDrivenTest" name="testAddNewProduct" time="1.662"/>
  <testcase classname="testcases.ProductDataDrivenTest" name="testAddNewProduct" time="1.480"/>
  <testcase classname="testcases.ProductDataDrivenTest" name="testAddNewProduct" time="1.517"/>
</testsuite> <!-- testcases.ProductDataDrivenTest -->
