<?xml version="1.0" encoding="UTF-8"?>
<!-- Generated by org.testng.reporters.JUnitReportReporter -->
<testsuite hostname="DESKTOP-NAIJ774" failures="0" tests="10" name="testcases.ProductDataDrivenTest" time="15.773" errors="0" timestamp="2025-09-29T22:19:46 IST" skipped="0">
  <testcase classname="testcases.ProductDataDrivenTest" name="testAddNewProduct" time="1.160"/>
  <testcase classname="testcases.ProductDataDrivenTest" name="testAddNewProduct" time="1.125"/>
  <testcase classname="testcases.ProductDataDrivenTest" name="testAddNewProduct" time="1.204"/>
  <testcase classname="testcases.ProductDataDrivenTest" name="testAddNewProduct" time="1.153"/>
  <testcase classname="testcases.ProductDataDrivenTest" name="testAddNewProduct" time="1.082"/>
  <testcase classname="testcases.ProductDataDrivenTest" name="testAddNewProduct" time="1.148"/>
  <testcase classname="testcases.ProductDataDrivenTest" name="testAddNewProduct" time="1.136"/>
  <testcase classname="testcases.ProductDataDrivenTest" name="testAddNewProduct" time="5.395"/>
  <testcase classname="testcases.ProductDataDrivenTest" name="testAddNewProduct" time="1.274"/>
  <testcase classname="testcases.ProductDataDrivenTest" name="testAddNewProduct" time="1.096"/>
</testsuite> <!-- testcases.ProductDataDrivenTest -->
